Start testing: Mar 29 20:49 CEST
----------------------------------------------------------
1/1 Testing: LibraryTest
1/1 Test: LibraryTest
Command: "/home/student/CLionProjects/wwan_sr_0830_a/MKawczynski_workshop/cmake-build-debug/library/LibraryTest" "--report_level=detailed" "--log_level=all" "--color_output=yes"
Directory: /home/student/CLionProjects/wwan_sr_0830_a/MKawczynski_workshop/cmake-build-debug/library
"LibraryTest" start time: Mar 29 20:49 CEST
Output:
----------------------------------------------------------
Running 1 test case...
[1;34;49mEntering test module "Master Test Suite"
[0;39;49m[1;34;49m/home/student/CLionProjects/wwan_sr_0830_a/MKawczynski_workshop/library/test/ClientTest.cpp(3): Entering test suite "TestSuiteClient"
[0;39;49m[1;34;49m/home/student/CLionProjects/wwan_sr_0830_a/MKawczynski_workshop/library/test/ClientTest.cpp(5): Entering test case "AssertionsTests"
[0;39;49m/home/student/CLionProjects/wwan_sr_0830_a/MKawczynski_workshop/library/test/ClientTest.cpp(6): [1;32;49minfo: check true has passed[0;39;49m
[1;34;49m/home/student/CLionProjects/wwan_sr_0830_a/MKawczynski_workshop/library/test/ClientTest.cpp(5): Leaving test case "AssertionsTests"; testing time: 76us
[0;39;49m[1;34;49m/home/student/CLionProjects/wwan_sr_0830_a/MKawczynski_workshop/library/test/ClientTest.cpp(3): Leaving test suite "TestSuiteClient"; testing time: 83us
[0;39;49m[1;34;49mLeaving test module "Master Test Suite"; testing time: 92us
[0;39;49m
Test module "Master Test Suite" has passed with:
  1 test case out of 1 passed
  1 assertion out of 1 passed

  Test suite "TestSuiteClient" has passed with:
    1 test case out of 1 passed
    1 assertion out of 1 passed

    Test case "TestSuiteClient/AssertionsTests" has passed with:
      1 assertion out of 1 passed

<end of output>
Test time =   0.00 sec
----------------------------------------------------------
Test Passed.
"LibraryTest" end time: Mar 29 20:49 CEST
"LibraryTest" time elapsed: 00:00:00
----------------------------------------------------------

End testing: Mar 29 20:49 CEST
